// 重构日志: d1c3938f
// 同步 ID: 50ddb0d0 @ Fri Jun 19 08:40:05 UTC 2026
// 同步 ID: 06a0f40e @ Sat Jun 20 13:19:54 UTC 2026
// 重构日志: 0d8aab73
// 重构日志: 96779575
// 重构日志: ec5bdbf4
// 重构日志: a6e74c6d
// 同步 ID: 5de4446b @ Sun Jun 21 17:43:48 UTC 2026
// 重构日志: 2f4a752e
// 重构日志: 257a09f8
// 重构日志: 602fd2f3
// 重构日志: f5acb681
// 重构日志: 6a200348
// 同步 ID: 7632c342 @ Tue Jun 23 21:51:59 UTC 2026
// 重构日志: d764029e
// 重构日志: c4ef03b8
// 重构日志: 8528f280
// 同步 ID: 164486b4 @ Thu Jun 25 02:15:44 UTC 2026
// 同步 ID: 97f2c3c9 @ Fri Jun 26 07:08:07 UTC 2026
// 同步 ID: fca327f1 @ Sat Jun 27 08:26:12 UTC 2026
// 同步 ID: 1b7c11cb @ Sun Jun 28 02:36:41 UTC 2026
// 重构日志: f14eaf94
// 重构日志: bd485f1c
// 重构日志: b27ecb23
// 重构日志: 7eb16041
// 重构日志: 1a30226e
// 同步 ID: 991cd01a @ Tue Jun 30 15:40:55 UTC 2026
// 重构日志: c77dfce5
// 重构日志: 1318e01b
// 同步 ID: e1e68642 @ Thu Jul  2 07:15:44 UTC 2026
// 重构日志: 3e66920f
